0 info it worked if it ends with ok
1 verbose cli [ '/usr/local/bin/node', '/usr/local/bin/npm', 'install', '-g' ]
2 info using npm@2.15.0
3 info using node@v4.4.2
4 verbose install initial load of /usr/local/lib/package.json
5 verbose readDependencies loading dependencies from /usr/local/lib/package.json
6 silly cache add args [ '.', null ]
7 verbose cache add spec .
8 silly cache add parsed spec Result {
8 silly cache add   raw: '.',
8 silly cache add   scope: null,
8 silly cache add   name: null,
8 silly cache add   rawSpec: '.',
8 silly cache add   spec: '/Users/glendex/WebstormProjects/Lab12-FavColorPassport',
8 silly cache add   type: 'directory' }
9 verbose addLocalDirectory /Users/glendex/.npm/Lab12-FavColorPassport/0.0.0/package.tgz not in flight; packing
10 verbose correctMkdir /Users/glendex/.npm correctMkdir not in flight; initializing
11 verbose tar pack [ '/Users/glendex/.npm/Lab12-FavColorPassport/0.0.0/package.tgz',
11 verbose tar pack   '/Users/glendex/WebstormProjects/Lab12-FavColorPassport' ]
12 verbose tarball /Users/glendex/.npm/Lab12-FavColorPassport/0.0.0/package.tgz
13 verbose folder /Users/glendex/WebstormProjects/Lab12-FavColorPassport
14 info prepublish Lab12-FavColorPassport@0.0.0
15 verbose addLocalTarball adding from inside cache /Users/glendex/.npm/Lab12-FavColorPassport/0.0.0/package.tgz
16 verbose correctMkdir /Users/glendex/.npm correctMkdir not in flight; initializing
17 silly cache afterAdd Lab12-FavColorPassport@0.0.0
18 verbose afterAdd /Users/glendex/.npm/Lab12-FavColorPassport/0.0.0/package/package.json not in flight; writing
19 verbose correctMkdir /Users/glendex/.npm correctMkdir not in flight; initializing
20 verbose afterAdd /Users/glendex/.npm/Lab12-FavColorPassport/0.0.0/package/package.json written
21 silly install resolved [ { name: 'Lab12-FavColorPassport',
21 silly install resolved     version: '0.0.0',
21 silly install resolved     private: true,
21 silly install resolved     scripts: { start: 'node ./bin/www' },
21 silly install resolved     dependencies:
21 silly install resolved      { 'bcrypt-nodejs': '0.0.3',
21 silly install resolved        'body-parser': '~1.13.2',
21 silly install resolved        'connect-flash': '^0.1.1',
21 silly install resolved        'cookie-parser': '~1.3.5',
21 silly install resolved        debug: '~2.2.0',
21 silly install resolved        express: '~4.13.1',
21 silly install resolved        'express-session': '^1.13.0',
21 silly install resolved        jade: '~1.11.0',
21 silly install resolved        mongoose: '^4.4.12',
21 silly install resolved        morgan: '~1.6.1',
21 silly install resolved        passport: '^0.3.2',
21 silly install resolved        'passport-local': '^1.0.0',
21 silly install resolved        'passport-twitter': '^1.0.4',
21 silly install resolved        'serve-favicon': '~2.3.0' },
21 silly install resolved     readme: 'ERROR: No README data found!',
21 silly install resolved     _id: 'Lab12-FavColorPassport@0.0.0',
21 silly install resolved     _shasum: '7dbdb6d5c83355ac0de7a21b46c197f51246893e',
21 silly install resolved     _from: '../../Users/glendex/WebstormProjects/Lab12-FavColorPassport',
21 silly install resolved     _resolved: 'file:../../Users/glendex/WebstormProjects/Lab12-FavColorPassport' } ]
22 info install Lab12-FavColorPassport@0.0.0 into /usr/local/lib
23 info installOne Lab12-FavColorPassport@0.0.0
24 verbose installOne of Lab12-FavColorPassport to /usr/local/lib not in flight; installing
25 verbose correctMkdir /Users/glendex/.npm/_locks correctMkdir not in flight; initializing
26 verbose lock using /Users/glendex/.npm/_locks/Lab12-FavColorPassport-f0cc2b69f242a98d.lock for /usr/local/lib/node_modules/Lab12-FavColorPassport
27 silly install write writing Lab12-FavColorPassport 0.0.0 to /usr/local/lib/node_modules/Lab12-FavColorPassport
28 verbose unbuild lib/node_modules/Lab12-FavColorPassport
29 silly gentlyRm /usr/local/lib/node_modules/Lab12-FavColorPassport is being purged from base /usr/local
30 verbose gentlyRm don't care about contents; nuking /usr/local/lib/node_modules/Lab12-FavColorPassport
31 verbose tar unpack /Users/glendex/.npm/Lab12-FavColorPassport/0.0.0/package.tgz
32 verbose tar unpacking to /usr/local/lib/node_modules/Lab12-FavColorPassport
33 silly gentlyRm /usr/local/lib/node_modules/Lab12-FavColorPassport is being purged
34 verbose gentlyRm don't care about contents; nuking /usr/local/lib/node_modules/Lab12-FavColorPassport
35 silly gunzTarPerm modes [ '755', '644' ]
36 error tar.unpack untar error /Users/glendex/.npm/Lab12-FavColorPassport/0.0.0/package.tgz
37 verbose unlock done using /Users/glendex/.npm/_locks/Lab12-FavColorPassport-f0cc2b69f242a98d.lock for /usr/local/lib/node_modules/Lab12-FavColorPassport
38 verbose fstream_path /usr/local/lib/node_modules/Lab12-FavColorPassport
39 verbose fstream_type Directory
40 verbose fstream_class DirWriter
41 verbose stack Error: EACCES: permission denied, mkdir '/usr/local/lib/node_modules/Lab12-FavColorPassport'
41 verbose stack     at Error (native)
42 verbose fstream_stack /usr/local/lib/node_modules/npm/node_modules/fstream/lib/dir-writer.js:35:25
42 verbose fstream_stack /usr/local/lib/node_modules/npm/node_modules/mkdirp/index.js:47:53
42 verbose fstream_stack FSReqWrap.oncomplete (fs.js:82:15)
43 verbose cwd /Users/glendex/WebstormProjects/Lab12-FavColorPassport
44 error Darwin 14.5.0
45 error argv "/usr/local/bin/node" "/usr/local/bin/npm" "install" "-g"
46 error node v4.4.2
47 error npm  v2.15.0
48 error path /usr/local/lib/node_modules/Lab12-FavColorPassport
49 error code EACCES
50 error errno -13
51 error syscall mkdir
52 error Error: EACCES: permission denied, mkdir '/usr/local/lib/node_modules/Lab12-FavColorPassport'
52 error     at Error (native)
52 error  { [Error: EACCES: permission denied, mkdir '/usr/local/lib/node_modules/Lab12-FavColorPassport']
52 error   errno: -13,
52 error   code: 'EACCES',
52 error   syscall: 'mkdir',
52 error   path: '/usr/local/lib/node_modules/Lab12-FavColorPassport',
52 error   fstream_type: 'Directory',
52 error   fstream_path: '/usr/local/lib/node_modules/Lab12-FavColorPassport',
52 error   fstream_class: 'DirWriter',
52 error   fstream_stack:
52 error    [ '/usr/local/lib/node_modules/npm/node_modules/fstream/lib/dir-writer.js:35:25',
52 error      '/usr/local/lib/node_modules/npm/node_modules/mkdirp/index.js:47:53',
52 error      'FSReqWrap.oncomplete (fs.js:82:15)' ] }
53 error Please try running this command again as root/Administrator.
54 verbose exit [ -13, true ]
55 verbose unbuild lib/node_modules/Lab12-FavColorPassport
56 silly gentlyRm /usr/local/lib/node_modules/Lab12-FavColorPassport is being purged from base /usr/local
57 verbose gentlyRm don't care about contents; nuking /usr/local/lib/node_modules/Lab12-FavColorPassport
